[19Feb2025 13:57:03.001] [main/INFO] [cpw.mods.modlauncher.Launcher/MODLAUNCHER]: ModLauncher running: args [--mod, borealis, --all, --output, C:\Users\reeta\Desktop\Borealis\Borealis-Mod\src\generated\resources, --existing, C:\Users\reeta\Desktop\Borealis\Borealis-Mod\src\main\resources, --launchTarget, forgedatauserdev, --assetIndex, asset-index, --assetsDir, C:\Users\reeta\.gradle\caches\minecraft\assets\1.21, --gameDir, ., --fml.neoForgeVersion, 21.0.167, --fml.fmlVersion, 4.0.23, --fml.mcVersion, 1.21, --fml.neoFormVersion, 20240613.152323]
[19Feb2025 13:57:03.019] [main/INFO] [cpw.mods.modlauncher.Launcher/MODLAUNCHER]: JVM identified as Eclipse Adoptium OpenJDK 64-Bit Server VM 21.0.4+7-LTS
[19Feb2025 13:57:03.021] [main/INFO] [cpw.mods.modlauncher.Launcher/MODLAUNCHER]: ModLauncher 11.0.4+main.d2e20e43 starting: java version 21.0.4 by Eclipse Adoptium; OS Windows 11 arch amd64 version 10.0
[19Feb2025 13:57:03.242] [main/INFO] [net.neoforged.fml.loading.ImmediateWindowHandler/]: ImmediateWindowProvider not loading because launch target is forgedatauserdev
[19Feb2025 13:57:03.375] [main/INFO] [mixin/]: SpongePowered MIXIN Subsystem Version=0.8.6 Source=union:/C:/Users/reeta/.gradle/caches/modules-2/files-2.1/net.fabricmc/sponge-mixin/0.14.0+mixin.0.8.6/c265173c84346e9e5d42a2384b2b02bd39a4a899/sponge-mixin-0.14.0+mixin.0.8.6.jar%23135!/ Service=ModLauncher Env=CLIENT
[19Feb2025 13:57:03.663] [main/INFO] [net.neoforged.fml.loading.moddiscovery.ModDiscoverer/SCAN]: Found mod file "neoforge-21.0.167.jar" [locator: neoforge devenv provider ([C:\Users\reeta\Desktop\Borealis\Borealis-Mod\.gradle\repositories\ng_dummy_ng\net\neoforged\neoforge\21.0.167\neoforge-21.0.167.jar])]
[19Feb2025 13:57:03.706] [main/INFO] [net.neoforged.fml.loading.moddiscovery.ModDiscoverer/SCAN]: Found mod file "neoforge-21.0.167.jar" [locator: neoforge devenv provider ([C:\Users\reeta\Desktop\Borealis\Borealis-Mod\.gradle\repositories\ng_dummy_ng\net\neoforged\neoforge\21.0.167\neoforge-21.0.167.jar])]
[19Feb2025 13:57:03.732] [main/INFO] [net.neoforged.fml.loading.moddiscovery.ModDiscoverer/SCAN]: Found mod file "main" [locator: userdev mods and services, reader: mod manifest]
[19Feb2025 13:57:03.743] [main/INFO] [net.neoforged.fml.loading.moddiscovery.ModDiscoverer/SCAN]: Found mod file "neoforge-21.0.167.jar" [locator: userdev mods and services, reader: mod manifest]
[19Feb2025 13:57:03.773] [main/INFO] [net.neoforged.fml.loading.moddiscovery.ModDiscoverer/SCAN]: Found gamelibrary file "mixinextras-neoforge-0.3.5.jar" [locator: userdev mods and services, reader: mod manifest]
[19Feb2025 13:57:04.098] [main/WARN] [net.neoforged.jarjar.selection.JarSelector/]: Attempted to select a dependency jar for JarJar which was passed in as source: mixinextras-neoforge-0.3.5.jar. Using Mod File: C:\Users\reeta\.gradle\caches\modules-2\files-2.1\io.github.llamalad7\mixinextras-neoforge\0.3.5\ef3ffcf309dae656517b2f120189b1c9b21737dd\mixinextras-neoforge-0.3.5.jar
[19Feb2025 13:57:04.098] [main/INFO] [net.neoforged.fml.loading.moddiscovery.locators.JarInJarDependencyLocator/]: No dependencies to load found. Skipping!
[19Feb2025 13:57:04.365] [main/INFO] [net.neoforged.fml.loading.FMLServiceProvider/CORE]: Loading coremod script-engine for [neoforge]
[19Feb2025 13:57:05.619] [main/INFO] [cpw.mods.modlauncher.LaunchServiceHandler/MODLAUNCHER]: Launching target 'forgedatauserdev' with arguments [--gameDir, ., --assetsDir, C:\Users\reeta\.gradle\caches\minecraft\assets\1.21, --mod, borealis, --all, --output, C:\Users\reeta\Desktop\Borealis\Borealis-Mod\src\generated\resources, --existing, C:\Users\reeta\Desktop\Borealis\Borealis-Mod\src\main\resources, --assetIndex, asset-index]
[19Feb2025 13:57:06.637] [main/INFO] [net.neoforged.neoforge.data.loading.DatagenModLoader/]: Initializing Data Gatherer for mods [borealis]
[19Feb2025 13:57:06.663] [main/INFO] [MixinExtras|Service/]: Initializing MixinExtras via com.llamalad7.mixinextras.service.MixinExtrasServiceImpl(version=0.3.5).
[19Feb2025 13:57:23.457] [modloading-worker-0/INFO] [net.neoforged.neoforge.common.NeoForgeMod/NEOFORGE-MOD]: NeoForge mod loading, version 21.0.167, for MC 1.21
[19Feb2025 13:57:25.748] [main/WARN] [net.minecraft.server.packs.VanillaPackResourcesBuilder/]: Assets URL 'union:/C:/Users/reeta/Desktop/Borealis/Borealis-Mod/.gradle/repositories/ng_dummy_ng/net/neoforged/neoforge/21.0.167/neoforge-21.0.167.jar%23189!/assets/.mcassetsroot' uses unexpected schema
[19Feb2025 13:57:25.749] [main/WARN] [net.minecraft.server.packs.VanillaPackResourcesBuilder/]: Assets URL 'union:/C:/Users/reeta/Desktop/Borealis/Borealis-Mod/.gradle/repositories/ng_dummy_ng/net/neoforged/neoforge/21.0.167/neoforge-21.0.167.jar%23189!/data/.mcassetsroot' uses unexpected schema
[19Feb2025 13:57:26.192] [Worker-Main-1/ERROR] [net.minecraft.Util/]: Placed feature borealis:kyanite_crystal in biome borealis:frostfir_woods is missing BiomeFilter.biome()
[19Feb2025 13:57:26.193] [Worker-Main-1/ERROR] [net.minecraft.Util/]: Placed feature borealis:cloud_hailstone in biome borealis:frostfir_woods is missing BiomeFilter.biome()
[19Feb2025 13:57:26.226] [Worker-Main-1/ERROR] [net.minecraft.Util/]: Placed feature borealis:kyanite_crystal in biome borealis:brumal_grove is missing BiomeFilter.biome()
[19Feb2025 13:57:26.226] [Worker-Main-1/ERROR] [net.minecraft.Util/]: Placed feature borealis:cloud_hailstone in biome borealis:brumal_grove is missing BiomeFilter.biome()
[19Feb2025 13:57:26.251] [Worker-Main-1/ERROR] [net.minecraft.Util/]: Placed feature borealis:kyanite_crystal in biome borealis:giantwood is missing BiomeFilter.biome()
[19Feb2025 13:57:26.252] [Worker-Main-1/ERROR] [net.minecraft.Util/]: Placed feature borealis:cloud_hailstone in biome borealis:giantwood is missing BiomeFilter.biome()
[19Feb2025 13:57:26.252] [main/INFO] [net.minecraft.data.DataGenerator/]: Starting provider: Borealis Block States
[19Feb2025 13:57:26.254] [Worker-Main-1/ERROR] [net.minecraft.Util/]: Placed feature borealis:kyanite_crystal in biome borealis:saccharine_hills is missing BiomeFilter.biome()
[19Feb2025 13:57:26.254] [Worker-Main-1/ERROR] [net.minecraft.Util/]: Placed feature borealis:cloud_hailstone in biome borealis:saccharine_hills is missing BiomeFilter.biome()
[19Feb2025 13:57:26.268] [Worker-Main-1/ERROR] [net.minecraft.Util/]: Placed feature borealis:kyanite_crystal in biome borealis:hot_spring_islands is missing BiomeFilter.biome()
[19Feb2025 13:57:26.268] [Worker-Main-1/ERROR] [net.minecraft.Util/]: Placed feature borealis:cloud_hailstone in biome borealis:hot_spring_islands is missing BiomeFilter.biome()
[19Feb2025 13:57:26.268] [Worker-Main-1/ERROR] [net.minecraft.Util/]: Placed feature borealis:spike_trail in biome borealis:hot_spring_islands is missing BiomeFilter.biome()
[19Feb2025 13:57:26.269] [Worker-Main-1/ERROR] [net.minecraft.Util/]: Placed feature borealis:spiral_cloud in biome borealis:hot_spring_islands is missing BiomeFilter.biome()
[19Feb2025 13:57:26.269] [Worker-Main-1/ERROR] [net.minecraft.Util/]: Placed feature borealis:kyanite_crystal in biome borealis:boreal_tundra is missing BiomeFilter.biome()
[19Feb2025 13:57:26.269] [Worker-Main-1/ERROR] [net.minecraft.Util/]: Placed feature borealis:cloud_hailstone in biome borealis:boreal_tundra is missing BiomeFilter.biome()
[19Feb2025 13:57:26.286] [Worker-Main-1/ERROR] [net.minecraft.Util/]: Placed feature borealis:kyanite_crystal in biome borealis:ravaged_glacier is missing BiomeFilter.biome()
[19Feb2025 13:57:26.286] [Worker-Main-1/ERROR] [net.minecraft.Util/]: Placed feature borealis:cloud_hailstone in biome borealis:ravaged_glacier is missing BiomeFilter.biome()
[19Feb2025 13:57:26.503] [main/INFO] [net.minecraft.data.DataGenerator/]: Borealis Block States finished after 250 ms
[19Feb2025 13:57:26.503] [main/INFO] [net.minecraft.data.DataGenerator/]: Starting provider: Borealis Item Models
[19Feb2025 13:57:26.551] [main/INFO] [net.minecraft.data.DataGenerator/]: Borealis Item Models finished after 47 ms
[19Feb2025 13:57:26.551] [main/INFO] [net.minecraft.data.DataGenerator/]: Starting provider: Languages: en_us for mod: borealis
[19Feb2025 13:57:26.560] [main/INFO] [net.minecraft.data.DataGenerator/]: Languages: en_us for mod: borealis finished after 9 ms
[19Feb2025 13:57:26.561] [main/INFO] [net.minecraft.data.DataGenerator/]: Starting provider: Sound Definitions
[19Feb2025 13:57:26.568] [main/INFO] [net.minecraft.data.DataGenerator/]: Sound Definitions finished after 7 ms
[19Feb2025 13:57:26.569] [main/INFO] [net.minecraft.data.DataGenerator/]: Starting provider: Registries
[19Feb2025 13:57:26.593] [main/INFO] [net.minecraft.data.DataGenerator/]: Registries finished after 24 ms
[19Feb2025 13:57:26.593] [main/INFO] [net.minecraft.data.DataGenerator/]: Starting provider: Loot Tables
[19Feb2025 13:57:26.641] [main/INFO] [net.minecraft.data.DataGenerator/]: Loot Tables finished after 48 ms
[19Feb2025 13:57:26.642] [main/INFO] [net.minecraft.data.DataGenerator/]: Starting provider: Borealis Block Tags
[19Feb2025 13:57:26.658] [main/INFO] [net.minecraft.data.DataGenerator/]: Borealis Block Tags finished after 15 ms
[19Feb2025 13:57:26.658] [main/INFO] [net.minecraft.data.DataGenerator/]: Starting provider: Borealis Item Tags
[19Feb2025 13:57:26.663] [main/INFO] [net.minecraft.data.DataGenerator/]: Borealis Item Tags finished after 4 ms
[19Feb2025 13:57:26.663] [main/INFO] [net.minecraft.data.DataGenerator/]: Starting provider: Borealis Fluid Tags
[19Feb2025 13:57:26.664] [main/INFO] [net.minecraft.data.DataGenerator/]: Borealis Fluid Tags finished after 0 ms
[19Feb2025 13:57:26.664] [main/INFO] [net.minecraft.data.DataGenerator/]: Starting provider: Advancements
[19Feb2025 13:57:26.722] [main/INFO] [net.minecraft.data.DataGenerator/]: Advancements finished after 58 ms
[19Feb2025 13:57:26.722] [main/INFO] [net.minecraft.data.DataGenerator/]: Starting provider: Recipes
[19Feb2025 13:57:26.782] [main/INFO] [net.minecraft.data.DataGenerator/]: Recipes finished after 59 ms
[19Feb2025 13:57:26.782] [main/INFO] [net.minecraft.data.DataGenerator/]: All providers took: 531 ms
[19Feb2025 13:57:26.800] [main/INFO] [net.minecraft.data.HashCache/]: Caching: total files: 956, old count: 956, new count: 957, removed stale: 0, written: 1
