[20Jan2025 16:29:05.858] [main/INFO] [cpw.mods.modlauncher.Launcher/MODLAUNCHER]: ModLauncher running: args [--launchTarget, forgeclientuserdev, --version, 21.0.167, --assetIndex, asset-index, --assetsDir, C:\Users\reeta\.gradle\caches\minecraft\assets\1.21, --gameDir, ., --fml.neoForgeVersion, 21.0.167, --fml.fmlVersion, 4.0.23, --fml.mcVersion, 1.21, --fml.neoFormVersion, 20240613.152323]
[20Jan2025 16:29:05.861] [main/INFO] [cpw.mods.modlauncher.Launcher/MODLAUNCHER]: JVM identified as Eclipse Adoptium OpenJDK 64-Bit Server VM 21.0.4+7-LTS
[20Jan2025 16:29:05.863] [main/INFO] [cpw.mods.modlauncher.Launcher/MODLAUNCHER]: ModLauncher 11.0.4+main.d2e20e43 starting: java version 21.0.4 by Eclipse Adoptium; OS Windows 11 arch amd64 version 10.0
[20Jan2025 16:29:06.079] [main/INFO] [net.neoforged.fml.loading.ImmediateWindowHandler/]: Loading ImmediateWindowProvider fmlearlywindow
[20Jan2025 16:29:06.216] [main/INFO] [EARLYDISPLAY/]: Trying GL version 4.6
[20Jan2025 16:29:06.308] [main/INFO] [EARLYDISPLAY/]: Requested GL version 4.6 got version 4.6
[20Jan2025 16:29:06.487] [main/INFO] [mixin/]: SpongePowered MIXIN Subsystem Version=0.8.6 Source=union:/C:/Users/reeta/.gradle/caches/modules-2/files-2.1/net.fabricmc/sponge-mixin/0.14.0+mixin.0.8.6/c265173c84346e9e5d42a2384b2b02bd39a4a899/sponge-mixin-0.14.0+mixin.0.8.6.jar%23135!/ Service=ModLauncher Env=CLIENT
[20Jan2025 16:29:06.694] [pool-2-thread-1/INFO] [EARLYDISPLAY/]: GL info: Intel(R) Iris(R) Xe Graphics GL version 4.6.0 - Build 31.0.101.5186, Intel
[20Jan2025 16:29:06.803] [main/INFO] [net.neoforged.fml.loading.moddiscovery.ModDiscoverer/SCAN]: Found mod file "neoforge-21.0.167.jar" [locator: neoforge devenv provider ([C:\Users\reeta\Desktop\Borealis\Borealis-Mod\.gradle\repositories\ng_dummy_ng\net\neoforged\neoforge\21.0.167\neoforge-21.0.167.jar])]
[20Jan2025 16:29:06.830] [main/INFO] [net.neoforged.fml.loading.moddiscovery.ModDiscoverer/SCAN]: Found mod file "neoforge-21.0.167.jar" [locator: neoforge devenv provider ([C:\Users\reeta\Desktop\Borealis\Borealis-Mod\.gradle\repositories\ng_dummy_ng\net\neoforged\neoforge\21.0.167\neoforge-21.0.167.jar])]
[20Jan2025 16:29:06.859] [main/INFO] [net.neoforged.fml.loading.moddiscovery.ModDiscoverer/SCAN]: Found mod file "main" [locator: userdev mods and services, reader: mod manifest]
[20Jan2025 16:29:06.874] [main/INFO] [net.neoforged.fml.loading.moddiscovery.ModDiscoverer/SCAN]: Found mod file "neoforge-21.0.167.jar" [locator: userdev mods and services, reader: mod manifest]
[20Jan2025 16:29:06.914] [main/INFO] [net.neoforged.fml.loading.moddiscovery.ModDiscoverer/SCAN]: Found gamelibrary file "mixinextras-neoforge-0.3.5.jar" [locator: userdev mods and services, reader: mod manifest]
[20Jan2025 16:29:07.222] [main/WARN] [net.neoforged.jarjar.selection.JarSelector/]: Attempted to select a dependency jar for JarJar which was passed in as source: mixinextras-neoforge-0.3.5.jar. Using Mod File: C:\Users\reeta\.gradle\caches\modules-2\files-2.1\io.github.llamalad7\mixinextras-neoforge\0.3.5\ef3ffcf309dae656517b2f120189b1c9b21737dd\mixinextras-neoforge-0.3.5.jar
[20Jan2025 16:29:07.223] [main/INFO] [net.neoforged.fml.loading.moddiscovery.locators.JarInJarDependencyLocator/]: No dependencies to load found. Skipping!
[20Jan2025 16:29:07.477] [main/INFO] [net.neoforged.fml.loading.FMLServiceProvider/CORE]: Loading coremod script-engine for [neoforge]
[20Jan2025 16:29:08.933] [main/INFO] [cpw.mods.modlauncher.LaunchServiceHandler/MODLAUNCHER]: Launching target 'forgeclientuserdev' with arguments [--version, 21.0.167, --gameDir, ., --assetsDir, C:\Users\reeta\.gradle\caches\minecraft\assets\1.21, --assetIndex, asset-index]
[20Jan2025 16:29:11.300] [Datafixer Bootstrap/INFO] [com.mojang.datafixers.DataFixerBuilder/]: 229 Datafixer optimizations took 474 milliseconds
[20Jan2025 16:29:11.584] [pool-7-thread-1/INFO] [MixinExtras|Service/]: Initializing MixinExtras via com.llamalad7.mixinextras.service.MixinExtrasServiceImpl(version=0.3.5).
[20Jan2025 16:29:24.260] [main/WARN] [net.minecraft.commands.Commands/]: Ambiguity between arguments [teleport, location] and [teleport, destination] with inputs: [0.1 -0.5 .9, 0 0 0]
[20Jan2025 16:29:24.262] [main/WARN] [net.minecraft.commands.Commands/]: Ambiguity between arguments [teleport, location] and [teleport, targets] with inputs: [0.1 -0.5 .9, 0 0 0]
[20Jan2025 16:29:24.270] [main/WARN] [net.minecraft.commands.Commands/]: Ambiguity between arguments [teleport, destination] and [teleport, targets] with inputs: [Player, 0123, @e, dd12be42-52a9-4a91-a8a1-11c01849e498]
[20Jan2025 16:29:24.273] [main/WARN] [net.minecraft.commands.Commands/]: Ambiguity between arguments [teleport, targets] and [teleport, destination] with inputs: [Player, 0123, dd12be42-52a9-4a91-a8a1-11c01849e498]
[20Jan2025 16:29:24.276] [main/WARN] [net.minecraft.commands.Commands/]: Ambiguity between arguments [teleport, targets, location] and [teleport, targets, destination] with inputs: [0.1 -0.5 .9, 0 0 0]
[20Jan2025 16:29:24.594] [Render thread/WARN] [net.minecraft.server.packs.VanillaPackResourcesBuilder/]: Assets URL 'union:/C:/Users/reeta/Desktop/Borealis/Borealis-Mod/.gradle/repositories/ng_dummy_ng/net/neoforged/neoforge/21.0.167/neoforge-21.0.167.jar%23189!/assets/.mcassetsroot' uses unexpected schema
[20Jan2025 16:29:24.595] [Render thread/WARN] [net.minecraft.server.packs.VanillaPackResourcesBuilder/]: Assets URL 'union:/C:/Users/reeta/Desktop/Borealis/Borealis-Mod/.gradle/repositories/ng_dummy_ng/net/neoforged/neoforge/21.0.167/neoforge-21.0.167.jar%23189!/data/.mcassetsroot' uses unexpected schema
[20Jan2025 16:29:24.671] [Render thread/INFO] [com.mojang.authlib.yggdrasil.YggdrasilAuthenticationService/]: Environment: Environment[sessionHost=https://sessionserver.mojang.com, servicesHost=https://api.minecraftservices.com, name=PROD]
[20Jan2025 16:29:24.703] [Render thread/INFO] [net.minecraft.client.Minecraft/]: Setting user: Dev
[20Jan2025 16:29:24.973] [Render thread/INFO] [net.minecraft.client.Minecraft/]: Backend library: LWJGL version 3.3.3+5
[20Jan2025 16:29:25.685] [modloading-worker-0/INFO] [net.neoforged.neoforge.common.NeoForgeMod/NEOFORGE-MOD]: NeoForge mod loading, version 21.0.167, for MC 1.21
[20Jan2025 16:29:28.482] [Render thread/INFO] [net.neoforged.neoforge.gametest.GameTestHooks/]: Enabled Gametest Namespaces: []
[20Jan2025 16:29:29.058] [Render thread/INFO] [net.minecraft.server.packs.resources.ReloadableResourceManager/]: Reloading ResourceManager: vanilla, mod_resources, mod/borealis, mod/neoforge
[20Jan2025 16:29:29.311] [Worker-Main-1/INFO] [net.minecraft.client.gui.font.providers.UnihexProvider/]: Found unifont_all_no_pua-15.1.05.hex, loading
[20Jan2025 16:29:29.682] [Worker-Main-8/ERROR] [net.minecraft.Util/]: Invalid path in pack: borealis:textures/block/brumeliad draft.png, ignoring
[20Jan2025 16:29:29.774] [Worker-Main-10/INFO] [net.minecraft.client.gui.font.providers.UnihexProvider/]: Found unifont_jp_patch-15.1.05.hex, loading
[20Jan2025 16:29:30.216] [Worker-Main-3/WARN] [net.minecraft.client.renderer.texture.SpriteLoader/]: Texture borealis:item/hailstone with size 15x17 limits mip level from 4 to 0
[20Jan2025 16:29:31.719] [Worker-Main-10/WARN] [net.minecraft.client.resources.model.ModelBakery/]: Unable to load model: 'borealis:block/potted_saccharine_sapling' referenced from: borealis:block/potted_saccharine_sapling: java.io.FileNotFoundException: borealis:models/block/potted_saccharine_sapling.json
[20Jan2025 16:29:31.729] [Worker-Main-10/WARN] [net.minecraft.client.resources.model.BlockStateModelLoader/]: Exception loading blockstate definition: 'borealis:blockstates/kiln.json' missing model for variant: 'borealis:kiln#facing=south,lit=false'
[20Jan2025 16:29:31.730] [Worker-Main-10/WARN] [net.minecraft.client.resources.model.BlockStateModelLoader/]: Exception loading blockstate definition: 'borealis:blockstates/kiln.json' missing model for variant: 'borealis:kiln#facing=west,lit=false'
[20Jan2025 16:29:31.731] [Worker-Main-10/WARN] [net.minecraft.client.resources.model.BlockStateModelLoader/]: Exception loading blockstate definition: 'borealis:blockstates/kiln.json' missing model for variant: 'borealis:kiln#facing=north,lit=true'
[20Jan2025 16:29:31.731] [Worker-Main-10/WARN] [net.minecraft.client.resources.model.BlockStateModelLoader/]: Exception loading blockstate definition: 'borealis:blockstates/kiln.json' missing model for variant: 'borealis:kiln#facing=north,lit=false'
[20Jan2025 16:29:31.732] [Worker-Main-10/WARN] [net.minecraft.client.resources.model.BlockStateModelLoader/]: Exception loading blockstate definition: 'borealis:blockstates/kiln.json' missing model for variant: 'borealis:kiln#facing=west,lit=true'
[20Jan2025 16:29:31.732] [Worker-Main-10/WARN] [net.minecraft.client.resources.model.BlockStateModelLoader/]: Exception loading blockstate definition: 'borealis:blockstates/kiln.json' missing model for variant: 'borealis:kiln#facing=east,lit=false'
[20Jan2025 16:29:31.732] [Worker-Main-10/WARN] [net.minecraft.client.resources.model.BlockStateModelLoader/]: Exception loading blockstate definition: 'borealis:blockstates/kiln.json' missing model for variant: 'borealis:kiln#facing=east,lit=true'
[20Jan2025 16:29:31.732] [Worker-Main-10/WARN] [net.minecraft.client.resources.model.BlockStateModelLoader/]: Exception loading blockstate definition: 'borealis:blockstates/kiln.json' missing model for variant: 'borealis:kiln#facing=south,lit=true'
[20Jan2025 16:29:31.740] [Worker-Main-10/WARN] [net.minecraft.client.resources.model.ModelBakery/]: Unable to load model: 'borealis:item/kiln' referenced from: borealis:item/kiln: java.io.FileNotFoundException: borealis:models/item/kiln.json
[20Jan2025 16:29:33.257] [Render thread/ERROR] [net.minecraft.client.sounds.SoundManager/]: Missing subtitle translation{key='Hailstone echoes', args=[]} for sound event: borealis:weather.hailstone_fall
[20Jan2025 16:29:33.259] [Render thread/WARN] [net.minecraft.client.sounds.SoundEngine/]: Missing sound for event: minecraft:item.goat_horn.play
[20Jan2025 16:29:33.260] [Render thread/WARN] [net.minecraft.client.sounds.SoundEngine/]: Missing sound for event: minecraft:entity.goat.screaming.horn_break
[20Jan2025 16:29:33.737] [Render thread/INFO] [com.mojang.blaze3d.audio.Library/]: OpenAL initialized on device OpenAL Soft on Speaker (Realtek(R) Audio)
[20Jan2025 16:29:33.738] [Render thread/INFO] [net.minecraft.client.sounds.SoundEngine/SOUNDS]: Sound engine started
[20Jan2025 16:29:33.844] [Render thread/INFO] [net.minecraft.client.renderer.texture.TextureAtlas/]: Created: 1024x512x4 minecraft:textures/atlas/blocks.png-atlas
[20Jan2025 16:29:33.947] [Render thread/INFO] [net.minecraft.client.renderer.texture.TextureAtlas/]: Created: 256x256x4 minecraft:textures/atlas/signs.png-atlas
[20Jan2025 16:29:33.950] [Render thread/INFO] [net.minecraft.client.renderer.texture.TextureAtlas/]: Created: 512x512x4 minecraft:textures/atlas/shield_patterns.png-atlas
[20Jan2025 16:29:33.955] [Render thread/INFO] [net.minecraft.client.renderer.texture.TextureAtlas/]: Created: 512x512x4 minecraft:textures/atlas/banner_patterns.png-atlas
[20Jan2025 16:29:33.958] [Render thread/INFO] [net.minecraft.client.renderer.texture.TextureAtlas/]: Created: 1024x1024x4 minecraft:textures/atlas/armor_trims.png-atlas
[20Jan2025 16:29:33.991] [Render thread/INFO] [net.minecraft.client.renderer.texture.TextureAtlas/]: Created: 128x64x4 minecraft:textures/atlas/decorated_pot.png-atlas
[20Jan2025 16:29:33.993] [Render thread/INFO] [net.minecraft.client.renderer.texture.TextureAtlas/]: Created: 256x256x4 minecraft:textures/atlas/chest.png-atlas
[20Jan2025 16:29:33.994] [Render thread/INFO] [net.minecraft.client.renderer.texture.TextureAtlas/]: Created: 512x256x4 minecraft:textures/atlas/shulker_boxes.png-atlas
[20Jan2025 16:29:33.995] [Render thread/INFO] [net.minecraft.client.renderer.texture.TextureAtlas/]: Created: 512x256x4 minecraft:textures/atlas/beds.png-atlas
[20Jan2025 16:29:34.083] [Render thread/INFO] [net.minecraft.client.renderer.texture.TextureAtlas/]: Created: 512x256x0 minecraft:textures/atlas/particles.png-atlas
[20Jan2025 16:29:34.101] [Render thread/INFO] [net.minecraft.client.renderer.texture.TextureAtlas/]: Created: 512x256x0 minecraft:textures/atlas/paintings.png-atlas
[20Jan2025 16:29:34.104] [Render thread/INFO] [net.minecraft.client.renderer.texture.TextureAtlas/]: Created: 256x128x0 minecraft:textures/atlas/mob_effects.png-atlas
[20Jan2025 16:29:34.107] [Render thread/INFO] [net.minecraft.client.renderer.texture.TextureAtlas/]: Created: 64x64x0 minecraft:textures/atlas/map_decorations.png-atlas
[20Jan2025 16:29:34.111] [Render thread/INFO] [net.minecraft.client.renderer.texture.TextureAtlas/]: Created: 1024x512x0 minecraft:textures/atlas/gui.png-atlas
[20Jan2025 16:29:34.183] [Render thread/WARN] [net.minecraft.client.renderer.ShaderInstance/]: Shader rendertype_entity_translucent_emissive could not find sampler named Sampler2 in the specified shader program.
[20Jan2025 16:29:48.418] [Render thread/INFO] [net.minecraft.world.item.crafting.RecipeManager/]: Loaded 1395 recipes
[20Jan2025 16:29:48.625] [Render thread/INFO] [net.minecraft.advancements.AdvancementTree/]: Loaded 1511 advancements
[20Jan2025 16:29:49.138] [Server thread/INFO] [net.minecraft.client.server.IntegratedServer/]: Starting integrated minecraft server version 1.21
[20Jan2025 16:29:49.138] [Server thread/INFO] [net.minecraft.server.MinecraftServer/]: Generating keypair
[20Jan2025 16:29:50.589] [Server thread/INFO] [net.minecraft.server.MinecraftServer/]: Preparing start region for dimension minecraft:overworld
[20Jan2025 16:29:51.084] [progressListener/INFO] [net.minecraft.server.level.progress.LoggerChunkProgressListener/]: Preparing spawn area: 0%
[20Jan2025 16:29:51.126] [progressListener/INFO] [net.minecraft.server.level.progress.LoggerChunkProgressListener/]: Preparing spawn area: 0%
[20Jan2025 16:29:51.212] [Server thread/INFO] [net.neoforged.neoforge.server.permission.PermissionAPI/]: Successfully initialized permission handler neoforge:default_handler
[20Jan2025 16:29:51.227] [progressListener/INFO] [net.minecraft.server.level.progress.LoggerChunkProgressListener/]: Time elapsed: 620 ms
[20Jan2025 16:29:51.355] [Server thread/INFO] [net.minecraft.client.server.IntegratedServer/]: Changing view distance to 12, from 10
[20Jan2025 16:29:51.355] [Server thread/INFO] [net.minecraft.client.server.IntegratedServer/]: Changing simulation distance to 12, from 0
[20Jan2025 16:29:52.351] [Server thread/INFO] [net.minecraft.server.players.PlayerList/]: Dev[local:E:dbff9c0c] logged in with entity id 9 at (158.19874306397483, 368.80146700201686, -86.30702584297487)
[20Jan2025 16:29:52.435] [Server thread/INFO] [net.minecraft.server.MinecraftServer/]: Dev joined the game
[20Jan2025 16:29:52.674] [Render thread/INFO] [net.minecraft.advancements.AdvancementTree/]: Loaded 8 advancements
[20Jan2025 16:29:52.931] [Server thread/INFO] [net.minecraft.client.server.IntegratedServer/]: Saving and pausing game...
[20Jan2025 16:29:52.985] [Server thread/INFO] [net.minecraft.server.MinecraftServer/]: Saving chunks for level 'ServerLevel[hc3]'/minecraft:overworld
[20Jan2025 16:29:53.010] [Server thread/INFO] [net.minecraft.server.MinecraftServer/]: Saving chunks for level 'ServerLevel[hc3]'/minecraft:the_end
[20Jan2025 16:29:53.021] [Server thread/INFO] [net.minecraft.server.MinecraftServer/]: Saving chunks for level 'ServerLevel[hc3]'/borealis:borealis
[20Jan2025 16:29:53.034] [Server thread/INFO] [net.minecraft.server.MinecraftServer/]: Saving chunks for level 'ServerLevel[hc3]'/minecraft:the_nether
[20Jan2025 16:31:53.356] [Server thread/INFO] [net.minecraft.server.MinecraftServer/]: Dev has made the advancement [Hail-o There]
[20Jan2025 16:31:53.392] [Render thread/INFO] [net.minecraft.client.gui.components.ChatComponent/]: [System] [CHAT] Dev has made the advancement [Hail-o There]
[20Jan2025 16:31:53.400] [Render thread/INFO] [net.minecraft.advancements.AdvancementTree/]: Loaded 8 advancements
[20Jan2025 16:32:05.517] [Server thread/WARN] [net.minecraft.server.MinecraftServer/]: Can't keep up! Is the server overloaded? Running 2602ms or 52 ticks behind
[20Jan2025 16:32:06.272] [Render thread/INFO] [net.minecraft.advancements.AdvancementTree/]: Loaded 17 advancements
[20Jan2025 16:32:16.566] [Server thread/INFO] [net.minecraft.client.server.IntegratedServer/]: Saving and pausing game...
[20Jan2025 16:32:16.605] [Server thread/INFO] [net.minecraft.server.MinecraftServer/]: Saving chunks for level 'ServerLevel[hc3]'/minecraft:overworld
[20Jan2025 16:32:16.648] [Server thread/INFO] [net.minecraft.server.MinecraftServer/]: Saving chunks for level 'ServerLevel[hc3]'/minecraft:the_end
[20Jan2025 16:32:16.663] [Server thread/INFO] [net.minecraft.server.MinecraftServer/]: Saving chunks for level 'ServerLevel[hc3]'/borealis:borealis
[20Jan2025 16:32:16.676] [Server thread/INFO] [net.minecraft.server.MinecraftServer/]: Saving chunks for level 'ServerLevel[hc3]'/minecraft:the_nether
